<?xml version="1.0" encoding="UTF-8"?>
<!-- Generated by org.testng.reporters.JUnitReportReporter -->
<testsuite skipped="0" hostname="RKV" name="com.nopCommerce.testCases.TC_AddCustomerTest_003" tests="3" failures="0" timestamp="17 Apr 2019 20:21:06 GMT" time="55.861" errors="0">
  <testcase name="addNewCustomer" time="27.610" classname="com.nopCommerce.testCases.TC_AddCustomerTest_003"/>
  <testcase name="addNewCustomer" time="15.474" classname="com.nopCommerce.testCases.TC_AddCustomerTest_003"/>
  <testcase name="addNewCustomer" time="12.777" classname="com.nopCommerce.testCases.TC_AddCustomerTest_003"/>
</testsuite> <!-- com.nopCommerce.testCases.TC_AddCustomerTest_003 -->
