<?xml version="1.0" encoding="UTF-8"?>
<!-- Generated by org.testng.reporters.JUnitReportReporter -->
<testsuite skipped="0" hostname="RKV" name="com.nopCommerce.testCases.TC_SearchByLname_006" tests="1" failures="0" timestamp="21 Apr 2019 20:30:47 GMT" time="9.177" errors="0">
  <testcase name="searchBylname" time="9.177" classname="com.nopCommerce.testCases.TC_SearchByLname_006"/>
</testsuite> <!-- com.nopCommerce.testCases.TC_SearchByLname_006 -->
