<?xml version="1.0" encoding="UTF-8"?>
<!-- Generated by org.testng.reporters.JUnitReportReporter -->
<testsuite skipped="0" hostname="RKV" name="com.nopCommerce.testCases.TC_SearchByCustRole_008" tests="1" failures="0" timestamp="22 Apr 2019 03:52:55 GMT" time="12.313" errors="0">
  <testcase name="searchBycustrole" time="12.313" classname="com.nopCommerce.testCases.TC_SearchByCustRole_008"/>
</testsuite> <!-- com.nopCommerce.testCases.TC_SearchByCustRole_008 -->
