<?xml version="1.0" encoding="UTF-8"?>
<!-- Generated by org.testng.reporters.JUnitReportReporter -->
<testsuite skipped="0" hostname="RKV" name="com.nopCommerce.testCases.TC_SearchByFname_005" tests="1" failures="0" timestamp="21 Apr 2019 20:30:47 GMT" time="9.036" errors="0">
  <testcase name="searchByfname" time="9.036" classname="com.nopCommerce.testCases.TC_SearchByFname_005"/>
</testsuite> <!-- com.nopCommerce.testCases.TC_SearchByFname_005 -->
