<?xml version="1.0" encoding="UTF-8"?>
<!-- Generated by org.testng.reporters.JUnitReportReporter -->
<testsuite skipped="0" hostname="RKV" name="com.nopCommerce.testCases.TC_AddCustomerTest_003" tests="1" failures="0" timestamp="21 Apr 2019 20:30:47 GMT" time="12.266" errors="0">
  <testcase name="addNewCustomer" time="12.266" classname="com.nopCommerce.testCases.TC_AddCustomerTest_003"/>
</testsuite> <!-- com.nopCommerce.testCases.TC_AddCustomerTest_003 -->
