<?xml version="1.0" encoding="UTF-8"?>
<!-- Generated by org.testng.reporters.JUnitReportReporter -->
<testsuite skipped="0" hostname="RKV" name="com.nopCommerce.testCases.TC_AddCustomerDDT_003a" tests="7" failures="0" timestamp="23 Apr 2019 18:22:39 GMT" time="74.103" errors="0">
  <testcase name="login" time="4.573" classname="com.nopCommerce.testCases.TC_AddCustomerDDT_003a"/>
  <testcase name="addcustDDT" time="11.542" classname="com.nopCommerce.testCases.TC_AddCustomerDDT_003a"/>
  <testcase name="addcustDDT" time="11.394" classname="com.nopCommerce.testCases.TC_AddCustomerDDT_003a"/>
  <testcase name="addcustDDT" time="12.131" classname="com.nopCommerce.testCases.TC_AddCustomerDDT_003a"/>
  <testcase name="addcustDDT" time="11.677" classname="com.nopCommerce.testCases.TC_AddCustomerDDT_003a"/>
  <testcase name="addcustDDT" time="11.389" classname="com.nopCommerce.testCases.TC_AddCustomerDDT_003a"/>
  <testcase name="addcustDDT" time="11.397" classname="com.nopCommerce.testCases.TC_AddCustomerDDT_003a"/>
</testsuite> <!-- com.nopCommerce.testCases.TC_AddCustomerDDT_003a -->
