<?xml version="1.0" encoding="UTF-8"?>
<!-- Generated by org.testng.reporters.JUnitReportReporter -->
<testsuite skipped="0" hostname="RKV" name="com.nopCommerce.testCases.TC_SearchByEmail_004" tests="1" failures="0" timestamp="23 Apr 2019 18:57:14 GMT" time="7.594" errors="0">
  <testcase name="searchbymail" time="7.594" classname="com.nopCommerce.testCases.TC_SearchByEmail_004"/>
</testsuite> <!-- com.nopCommerce.testCases.TC_SearchByEmail_004 -->
