<?xml version="1.0" encoding="UTF-8"?>
<!-- Generated by org.testng.reporters.JUnitReportReporter -->
<testsuite skipped="0" hostname="RKV" name="com.nopCommerce.testCases.TC_LoginTest_001" tests="3" failures="0" timestamp="17 Apr 2019 20:21:06 GMT" time="14.473" errors="0">
  <testcase name="logintest" time="5.808" classname="com.nopCommerce.testCases.TC_LoginTest_001"/>
  <testcase name="logintest" time="4.217" classname="com.nopCommerce.testCases.TC_LoginTest_001"/>
  <testcase name="logintest" time="4.448" classname="com.nopCommerce.testCases.TC_LoginTest_001"/>
</testsuite> <!-- com.nopCommerce.testCases.TC_LoginTest_001 -->
