<?xml version="1.0" encoding="UTF-8"?>
<!-- Generated by org.testng.reporters.JUnitReportReporter -->
<testsuite hostname="RKV" failures="0" tests="1" name="com.nopCommerce.testCases.TC_AddCustomerTest_003" time="13.581" errors="0" timestamp="19 Apr 2019 02:39:21 GMT" skipped="0">
  <testcase classname="com.nopCommerce.testCases.TC_AddCustomerTest_003" name="addNewCustomer" time="13.581"/>
</testsuite> <!-- com.nopCommerce.testCases.TC_AddCustomerTest_003 -->
