<?xml version="1.0" encoding="UTF-8"?>
<!-- Generated by org.testng.reporters.JUnitReportReporter -->
<testsuite hostname="RKV" failures="0" tests="1" name="com.nopCommerce.testCases.TC_SearchByEmail_004" time="6.830" errors="0" timestamp="23 Apr 2019 19:06:37 GMT" skipped="0">
  <testcase classname="com.nopCommerce.testCases.TC_SearchByEmail_004" name="searchbymail" time="6.830"/>
</testsuite> <!-- com.nopCommerce.testCases.TC_SearchByEmail_004 -->
